0 info it worked if it ends with ok
1 verbose cli [ 'D:\\Program Files\\nodejs\\node.exe',
1 verbose cli   'D:\\Program Files\\nodejs\\node_modules\\npm\\bin\\npm-cli.js',
1 verbose cli   'run',
1 verbose cli   'clean' ]
2 info using npm@3.10.8
3 info using node@v6.9.1
4 verbose run-script [ 'preclean', 'clean', 'postclean' ]
5 info lifecycle iview-project@2.0.0~preclean: iview-project@2.0.0
6 silly lifecycle iview-project@2.0.0~preclean: no script for preclean, continuing
7 info lifecycle iview-project@2.0.0~clean: iview-project@2.0.0
8 verbose lifecycle iview-project@2.0.0~clean: unsafe-perm in lifecycle true
9 verbose lifecycle iview-project@2.0.0~clean: PATH: D:\Program Files\nodejs\node_modules\npm\bin\node-gyp-bin;D:\workstation\air-tickets\node_modules\.bin;C:\Program Files (x86)\NVIDIA Corporation\PhysX\Common;C:\ProgramData\Oracle\Java\javapath;C:\WINDOWS\system32;C:\WINDOWS;C:\WINDOWS\System32\Wbem;C:\WINDOWS\System32\WindowsPowerShell\v1.0\;C:\Program Files (x86)\ATI Technologies\ATI.ACE\Core-Static;C:\Program Files (x86)\IVI Foundation\VISA\WinNT\Bin\;C:\PROGRA~2\IVIFOU~1\VISA\WinNT\Bin;D:\wamp\bin\php\php5.5.12\;D:\Python27\;D:\Program Files\nodejs\;C:\WINDOWS\system32\config\systemprofile\.dnx\bin;C:\Program Files\Microsoft DNX\Dnvm\;C:\Users\fishto\AppData\Roaming\npm;d:\Program Files (x86)\Microsoft VS Code\bin
10 verbose lifecycle iview-project@2.0.0~clean: CWD: D:\workstation\air-tickets
11 silly lifecycle iview-project@2.0.0~clean: Args: [ '/d /s /c', 'rm -rf dist/' ]
12 silly lifecycle iview-project@2.0.0~clean: Returned: code: 1  signal: null
13 info lifecycle iview-project@2.0.0~clean: Failed to exec clean script
14 verbose stack Error: iview-project@2.0.0 clean: `rm -rf dist/`
14 verbose stack Exit status 1
14 verbose stack     at EventEmitter.<anonymous> (D:\Program Files\nodejs\node_modules\npm\lib\utils\lifecycle.js:255:16)
14 verbose stack     at emitTwo (events.js:106:13)
14 verbose stack     at EventEmitter.emit (events.js:191:7)
14 verbose stack     at ChildProcess.<anonymous> (D:\Program Files\nodejs\node_modules\npm\lib\utils\spawn.js:40:14)
14 verbose stack     at emitTwo (events.js:106:13)
14 verbose stack     at ChildProcess.emit (events.js:191:7)
14 verbose stack     at maybeClose (internal/child_process.js:877:16)
14 verbose stack     at Process.ChildProcess._handle.onexit (internal/child_process.js:226:5)
15 verbose pkgid iview-project@2.0.0
16 verbose cwd D:\workstation\air-tickets
17 error Windows_NT 6.3.9600
18 error argv "D:\\Program Files\\nodejs\\node.exe" "D:\\Program Files\\nodejs\\node_modules\\npm\\bin\\npm-cli.js" "run" "clean"
19 error node v6.9.1
20 error npm  v3.10.8
21 error code ELIFECYCLE
22 error iview-project@2.0.0 clean: `rm -rf dist/`
22 error Exit status 1
23 error Failed at the iview-project@2.0.0 clean script 'rm -rf dist/'.
23 error Make sure you have the latest version of node.js and npm installed.
23 error If you do, this is most likely a problem with the iview-project package,
23 error not with npm itself.
23 error Tell the author that this fails on your system:
23 error     rm -rf dist/
23 error You can get information on how to open an issue for this project with:
23 error     npm bugs iview-project
23 error Or if that isn't available, you can get their info via:
23 error     npm owner ls iview-project
23 error There is likely additional logging output above.
24 verbose exit [ 1, true ]
